# JRE version: OpenJDK Runtime Environment (8.0_202) (build 1.8.0_202-release-1483-b49-5587405)
# Java VM: OpenJDK 64-Bit Server VM (25.202-b49-5587405 mixed mode linux-amd64 compressed oops)
Heap:
 PSYoungGen      total 483328K, used 0K [0x00000000e0000000, 0x0000000100000000, 0x0000000100000000)
  eden space 442368K, 0% used [0x00000000e0000000,0x00000000e0000000,0x00000000fb000000)
  from space 40960K, 0% used [0x00000000fb000000,0x00000000fb000000,0x00000000fd800000)
  to   space 38912K, 0% used [0x00000000fda00000,0x00000000fda00000,0x0000000100000000)
 ParOldGen       total 521728K, used 321758K [0x00000000a0000000, 0x00000000bfd80000, 0x00000000e0000000)
  object space 521728K, 61% used [0x00000000a0000000,0x00000000b3a37bf8,0x00000000bfd80000)
 Metaspace       used 286958K, capacity 304656K, committed 305496K, reserved 1314816K
  class space    used 36006K, capacity 39074K, committed 39296K, reserved 1048576K
GC Heap History (10 events):
Event: 8132.744 GC heap after
Heap after GC invocations=143 (full 10):
 PSYoungGen      total 481792K, used 8347K [0x00000000e0000000, 0x00000000ffc00000, 0x0000000100000000)
  eden space 443904K, 0% used [0x00000000e0000000,0x00000000e0000000,0x00000000fb180000)
  from space 37888K, 22% used [0x00000000fb180000,0x00000000fb9a6c68,0x00000000fd680000)
  to   space 35840K, 0% used [0x00000000fd900000,0x00000000fd900000,0x00000000ffc00000)
 ParOldGen       total 521728K, used 461073K [0x00000000a0000000, 0x00000000bfd80000, 0x00000000e0000000)
  object space 521728K, 88% used [0x00000000a0000000,0x00000000bc244640,0x00000000bfd80000)
 Metaspace       used 287212K, capacity 305306K, committed 305496K, reserved 1314816K
  class space    used 36069K, capacity 39183K, committed 39296K, reserved 1048576K
}
Event: 8133.786 GC heap before
{Heap before GC invocations=144 (full 10):
 PSYoungGen      total 481792K, used 452251K [0x00000000e0000000, 0x00000000ffc00000, 0x0000000100000000)
  eden space 443904K, 100% used [0x00000000e0000000,0x00000000fb180000,0x00000000fb180000)
  from space 37888K, 22% used [0x00000000fb180000,0x00000000fb9a6c68,0x00000000fd680000)
  to   space 35840K, 0% used [0x00000000fd900000,0x00000000fd900000,0x00000000ffc00000)
 ParOldGen       total 521728K, used 461073K [0x00000000a0000000, 0x00000000bfd80000, 0x00000000e0000000)
  object space 521728K, 88% used [0x00000000a0000000,0x00000000bc244640,0x00000000bfd80000)
 Metaspace       used 287226K, capacity 305306K, committed 305496K, reserved 1314816K
  class space    used 36069K, capacity 39183K, committed 39296K, reserved 1048576K
Event: 8133.856 GC heap after
Heap after GC invocations=144 (full 10):
 PSYoungGen      total 484864K, used 6417K [0x00000000e0000000, 0x00000000ffb00000, 0x0000000100000000)
  eden space 450048K, 0% used [0x00000000e0000000,0x00000000e0000000,0x00000000fb780000)
  from space 34816K, 18% used [0x00000000fd900000,0x00000000fdf44490,0x00000000ffb00000)
  to   space 34304K, 0% used [0x00000000fb780000,0x00000000fb780000,0x00000000fd900000)
 ParOldGen       total 521728K, used 467588K [0x00000000a0000000, 0x00000000bfd80000, 0x00000000e0000000)
  object space 521728K, 89% used [0x00000000a0000000,0x00000000bc8a13d8,0x00000000bfd80000)
 Metaspace       used 287226K, capacity 305306K, committed 305496K, reserved 1314816K
  class space    used 36069K, capacity 39183K, committed 39296K, reserved 1048576K
}
Event: 8135.108 GC heap before
{Heap before GC invocations=145 (full 10):
 PSYoungGen      total 484864K, used 456465K [0x00000000e0000000, 0x00000000ffb00000, 0x0000000100000000)
  eden space 450048K, 100% used [0x00000000e0000000,0x00000000fb780000,0x00000000fb780000)
  from space 34816K, 18% used [0x00000000fd900000,0x00000000fdf44490,0x00000000ffb00000)
  to   space 34304K, 0% used [0x00000000fb780000,0x00000000fb780000,0x00000000fd900000)
 ParOldGen       total 521728K, used 467588K [0x00000000a0000000, 0x00000000bfd80000, 0x00000000e0000000)
  object space 521728K, 89% used [0x00000000a0000000,0x00000000bc8a13d8,0x00000000bfd80000)
 Metaspace       used 287244K, capacity 305306K, committed 305496K, reserved 1314816K
  class space    used 36069K, capacity 39183K, committed 39296K, reserved 1048576K
Event: 8135.150 GC heap after
Heap after GC invocations=145 (full 10):
 PSYoungGen      total 484352K, used 3417K [0x00000000e0000000, 0x00000000ffd80000, 0x0000000100000000)
  eden space 450048K, 0% used [0x00000000e0000000,0x00000000e0000000,0x00000000fb780000)
  from space 34304K, 9% used [0x00000000fb780000,0x00000000fbad6640,0x00000000fd900000)
  to   space 33280K, 0% used [0x00000000fdd00000,0x00000000fdd00000,0x00000000ffd80000)
 ParOldGen       total 521728K, used 471717K [0x00000000a0000000, 0x00000000bfd80000, 0x00000000e0000000)
  object space 521728K, 90% used [0x00000000a0000000,0x00000000bcca9590,0x00000000bfd80000)
 Metaspace       used 287244K, capacity 305306K, committed 305496K, reserved 1314816K
  class space    used 36069K, capacity 39183K, committed 39296K, reserved 1048576K
}
Event: 8137.751 GC heap before
{Heap before GC invocations=146 (full 10):
 PSYoungGen      total 484352K, used 453465K [0x00000000e0000000, 0x00000000ffd80000, 0x0000000100000000)
  eden space 450048K, 100% used [0x00000000e0000000,0x00000000fb780000,0x00000000fb780000)
  from space 34304K, 9% used [0x00000000fb780000,0x00000000fbad6640,0x00000000fd900000)
  to   space 33280K, 0% used [0x00000000fdd00000,0x00000000fdd00000,0x00000000ffd80000)
 ParOldGen       total 521728K, used 471717K [0x00000000a0000000, 0x00000000bfd80000, 0x00000000e0000000)
  object space 521728K, 90% used [0x00000000a0000000,0x00000000bcca9590,0x00000000bfd80000)
 Metaspace       used 287256K, capacity 305310K, committed 305496K, reserved 1314816K
  class space    used 36070K, capacity 39183K, committed 39296K, reserved 1048576K
Event: 8137.982 GC heap after
Heap after GC invocations=146 (full 10):
 PSYoungGen      total 475648K, used 33253K [0x00000000e0000000, 0x0000000100000000, 0x0000000100000000)
  eden space 442368K, 0% used [0x00000000e0000000,0x00000000e0000000,0x00000000fb000000)
  from space 33280K, 99% used [0x00000000fdd00000,0x00000000ffd79680,0x00000000ffd80000)
  to   space 40960K, 0% used [0x00000000fb000000,0x00000000fb000000,0x00000000fd800000)
 ParOldGen       total 521728K, used 475520K [0x00000000a0000000, 0x00000000bfd80000, 0x00000000e0000000)
  object space 521728K, 91% used [0x00000000a0000000,0x00000000bd060160,0x00000000bfd80000)
 Metaspace       used 287256K, capacity 305310K, committed 305496K, reserved 1314816K
  class space    used 36070K, capacity 39183K, committed 39296K, reserved 1048576K
}
Event: 8166.232 GC heap before
{Heap before GC invocations=147 (full 10):
 PSYoungGen      total 475648K, used 475621K [0x00000000e0000000, 0x0000000100000000, 0x0000000100000000)
  eden space 442368K, 100% used [0x00000000e0000000,0x00000000fb000000,0x00000000fb000000)
  from space 33280K, 99% used [0x00000000fdd00000,0x00000000ffd79680,0x00000000ffd80000)
  to   space 40960K, 0% used [0x00000000fb000000,0x00000000fb000000,0x00000000fd800000)
 ParOldGen       total 521728K, used 475520K [0x00000000a0000000, 0x00000000bfd80000, 0x00000000e0000000)
  object space 521728K, 91% used [0x00000000a0000000,0x00000000bd060160,0x00000000bfd80000)
 Metaspace       used 287258K, capacity 305310K, committed 305496K, reserved 1314816K
  class space    used 36070K, capacity 39183K, committed 39296K, reserved 1048576K
Event: 8166.385 GC heap after
Heap after GC invocations=147 (full 10):
 PSYoungGen      total 483328K, used 7024K [0x00000000e0000000, 0x0000000100000000, 0x0000000100000000)
  eden space 442368K, 0% used [0x00000000e0000000,0x00000000e0000000,0x00000000fb000000)
  from space 40960K, 17% used [0x00000000fb000000,0x00000000fb6dc2e0,0x00000000fd800000)
  to   space 38912K, 0% used [0x00000000fda00000,0x00000000fda00000,0x0000000100000000)
 ParOldGen       total 521728K, used 503084K [0x00000000a0000000, 0x00000000bfd80000, 0x00000000e0000000)
  object space 521728K, 96% used [0x00000000a0000000,0x00000000beb4b2f0,0x00000000bfd80000)
 Metaspace       used 287258K, capacity 305310K, committed 305496K, reserved 1314816K
  class space    used 36070K, capacity 39183K, committed 39296K, reserved 1048576K
}
Event: 8166.385 GC heap before
{Heap before GC invocations=148 (full 11):
 PSYoungGen      total 483328K, used 7024K [0x00000000e0000000, 0x0000000100000000, 0x0000000100000000)
  eden space 442368K, 0% used [0x00000000e0000000,0x00000000e0000000,0x00000000fb000000)
  from space 40960K, 17% used [0x00000000fb000000,0x00000000fb6dc2e0,0x00000000fd800000)
  to   space 38912K, 0% used [0x00000000fda00000,0x00000000fda00000,0x0000000100000000)
 ParOldGen       total 521728K, used 503084K [0x00000000a0000000, 0x00000000bfd80000, 0x00000000e0000000)
  object space 521728K, 96% used [0x00000000a0000000,0x00000000beb4b2f0,0x00000000bfd80000)
 Metaspace       used 287258K, capacity 305310K, committed 305496K, reserved 1314816K
  class space    used 36070K, capacity 39183K, committed 39296K, reserved 1048576K

